$ pwd
~/work/code/go_code/rabbitmq/rabbitmq-cluster-operator

$ tree -a .
.
в”њв”Ђв”Ђ go.mod  module github.com/rabbitmq/cluster-operator
в”њв”Ђв”Ђ go.sum
в”њв”Ђв”Ђ main.go  package main
в”њв”Ђв”Ђ api
в”‚В В  в”њв”Ђв”Ђ grafanadashboard
в”‚В В  в”‚В В  в””в”Ђв”Ђ v1beta1  package v1beta1
в”‚В В  в”‚В В      в”њв”Ђв”Ђ doc.go
в”‚В В  в”‚В В      в”њв”Ђв”Ђ groupversion_info.go
в”‚В В  в”‚В В      в”њв”Ђв”Ђ types.go
в”‚В В  в”‚В В      в””в”Ђв”Ђ zz_generated.deepcopy.go
в”‚В В  в””в”Ђв”Ђ v1beta1  package v1beta1
в”‚В В      в”њв”Ђв”Ђ groupversion_info.go
в”‚В В      в”њв”Ђв”Ђ rabbitmqcluster_status.go
в”‚В В      в”њв”Ђв”Ђ rabbitmqcluster_status_test.go
в”‚В В      в”њв”Ђв”Ђ rabbitmqcluster_types.go
в”‚В В      в”њв”Ђв”Ђ rabbitmqcluster_types_test.go
в”‚В В      в”њв”Ђв”Ђ suite_test.go
в”‚В В      в””в”Ђв”Ђ zz_generated.deepcopy.go
в”њв”Ђв”Ђ controllers  package controllers  package controllers_test
в”‚В В  в”њв”Ђв”Ђ pod_executor.go
в”‚В В  в”њв”Ђв”Ђ rabbitmqcluster_controller.go
в”‚В В  в”њв”Ђв”Ђ rabbitmqcluster_controller_test.go
в”‚В В  в”њв”Ђв”Ђ reconcile_cli.go
в”‚В В  в”њв”Ђв”Ђ reconcile_cli_test.go
в”‚В В  в”њв”Ђв”Ђ reconcile_finalizer.go
в”‚В В  в”њв”Ђв”Ђ reconcile_finalizer_test.go
в”‚В В  в”њв”Ђв”Ђ reconcile_persistence.go
в”‚В В  в”њв”Ђв”Ђ reconcile_persistence_test.go
в”‚В В  в”њв”Ђв”Ђ reconcile_rabbitmq_configurations.go
в”‚В В  в”њв”Ђв”Ђ reconcile_rabbitmq_configurations_test.go
в”‚В В  в”њв”Ђв”Ђ reconcile_scale_down.go
в”‚В В  в”њв”Ђв”Ђ reconcile_scale_down_test.go
в”‚В В  в”њв”Ђв”Ђ reconcile_status.go
в”‚В В  в”њв”Ђв”Ђ reconcile_status_test.go
в”‚В В  в”њв”Ђв”Ђ reconcile_tls.go
в”‚В В  в”њв”Ђв”Ђ reconcile_tls_test.go
в”‚В В  в”њв”Ђв”Ђ reconcile_upgrade.go
в”‚В В  в”њв”Ђв”Ђ suite_test.go
в”‚В В  в””в”Ђв”Ђ utils.go
в”њв”Ђв”Ђ internal
в”‚В В  в”њв”Ђв”Ђ metadata  package metadata  package metadata_test
в”‚В В  в”‚В В  в”њв”Ђв”Ђ annotation.go
в”‚В В  в”‚В В  в”њв”Ђв”Ђ annotation_test.go
в”‚В В  в”‚В В  в”њв”Ђв”Ђ label.go
в”‚В В  в”‚В В  в””в”Ђв”Ђ metadata_suite_test.go
в”‚В В  в”њв”Ђв”Ђ middleware  package middleware
в”‚В В  в”‚В В  в”њв”Ђв”Ђ image_version.go
в”‚В В  в”‚В В  в””в”Ђв”Ђ v1  package v1
в”‚В В  в”‚В В      в”њв”Ђв”Ђ groupversion_info.go
в”‚В В  в”‚В В      в”њв”Ђв”Ђ imageversion_types.go
в”‚В В  в”‚В В      в””в”Ђв”Ђ zz_generated.deepcopy.go
в”‚В В  в”њв”Ђв”Ђ resource  package resource  package resource_test
в”‚В В  в”‚В В  в”њв”Ђв”Ђ configmap.go
в”‚В В  в”‚В В  в”њв”Ђв”Ђ configmap_test.go
в”‚В В  в”‚В В  в”њв”Ђв”Ђ default_user_secret.go
в”‚В В  в”‚В В  в”њв”Ђв”Ђ default_user_secret_test.go
в”‚В В  в”‚В В  в”њв”Ђв”Ђ erlang_cookie.go
в”‚В В  в”‚В В  в”њв”Ђв”Ђ erlang_cookie_test.go
в”‚В В  в”‚В В  в”њв”Ђв”Ђ grafana_dashboard.go
в”‚В В  в”‚В В  в”њв”Ђв”Ђ headless_service.go
в”‚В В  в”‚В В  в”њв”Ђв”Ђ headless_service_test.go
в”‚В В  в”‚В В  в”њв”Ђв”Ђ image_version.go
в”‚В В  в”‚В В  в”њв”Ђв”Ђ rabbitmq_plugins.go
в”‚В В  в”‚В В  в”њв”Ђв”Ђ rabbitmq_plugins_test.go
в”‚В В  в”‚В В  в”њв”Ђв”Ђ rabbitmq_resource_builder.go
в”‚В В  в”‚В В  в”њв”Ђв”Ђ rabbitmq_resource_builder_test.go
в”‚В В  в”‚В В  в”њв”Ђв”Ђ resource_suite_test.go
в”‚В В  в”‚В В  в”њв”Ђв”Ђ role.go
в”‚В В  в”‚В В  в”њв”Ђв”Ђ role_binding.go
в”‚В В  в”‚В В  в”њв”Ђв”Ђ role_binding_test.go
в”‚В В  в”‚В В  в”њв”Ђв”Ђ role_test.go
в”‚В В  в”‚В В  в”њв”Ђв”Ђ service.go
в”‚В В  в”‚В В  в”њв”Ђв”Ђ service_account.go
в”‚В В  в”‚В В  в”њв”Ђв”Ђ service_account_test.go
в”‚В В  в”‚В В  в”њв”Ђв”Ђ service_monitor.go
в”‚В В  в”‚В В  в”њв”Ђв”Ђ service_test.go
в”‚В В  в”‚В В  в”њв”Ђв”Ђ statefulset.go
в”‚В В  в”‚В В  в””в”Ђв”Ђ statefulset_test.go
в”‚В В  в””в”Ђв”Ђ status  package status  package status_test
в”‚В В      в”њв”Ђв”Ђ all_replicas_ready.go
в”‚В В      в”њв”Ђв”Ђ all_replicas_ready_test.go
в”‚В В      в”њв”Ђв”Ђ cluster_available.go
в”‚В В      в”њв”Ђв”Ђ cluster_available_test.go
в”‚В В      в”њв”Ђв”Ђ no_warnings.go
в”‚В В      в”њв”Ђв”Ђ no_warnings_test.go
в”‚В В      в”њв”Ђв”Ђ reconcile_success.go
в”‚В В      в”њв”Ђв”Ђ reconcile_success_test.go
в”‚В В      в”њв”Ђв”Ђ status.go
в”‚В В      в”њв”Ђв”Ђ status_suite_test.go
в”‚В В      в”њв”Ђв”Ђ status_test.go
в”‚В В      в””в”Ђв”Ђ zz_generated.deepcopy.go
в”њв”Ђв”Ђ pkg
в”‚В В  в””в”Ђв”Ђ cert  package cert
в”‚В В      в””в”Ђв”Ђ cert.go
в”њв”Ђв”Ђ system_tests  package system_tests
в”‚В В  в”њв”Ђв”Ђ system_test.go
в”‚В В  в”њв”Ђв”Ђ system_tests.go
в”‚В В  в”њв”Ђв”Ђ system_tests_suite_test.go
в”‚В В  в””в”Ђв”Ђ utils.go
в”њв”Ђв”Ђ tools  package tools
в”‚В В  в””в”Ђв”Ђ tools.go
